# JRE version: OpenJDK Runtime Environment (11.0.8+10) (build 11.0.8+10-b944.6842174)
# Java VM: OpenJDK 64-Bit Server VM (11.0.8+10-b944.6842174, mixed mode, tiered, compressed oops, g1 gc, windows-amd64)
Heap:
 garbage-first heap   total 194560K, used 90279K [0x00000000e0000000, 0x0000000100000000)
  region size 1024K, 48 young (49152K), 13 survivors (13312K)
 Metaspace       used 54207K, capacity 55735K, committed 55980K, reserved 1097728K
  class space    used 6902K, capacity 7388K, committed 7424K, reserved 1048576K
GC Heap History (18 events):
Event: 1.902 GC heap before
{Heap before GC invocations=0 (full 0):
 garbage-first heap   total 194560K, used 19456K [0x00000000e0000000, 0x0000000100000000)
  region size 1024K, 14 young (14336K), 0 survivors (0K)
 Metaspace       used 7556K, capacity 7729K, committed 7936K, reserved 1056768K
  class space    used 703K, capacity 749K, committed 768K, reserved 1048576K
}
Event: 1.945 GC heap after
{Heap after GC invocations=1 (full 0):
 garbage-first heap   total 194560K, used 7675K [0x00000000e0000000, 0x0000000100000000)
  region size 1024K, 2 young (2048K), 2 survivors (2048K)
 Metaspace       used 7556K, capacity 7729K, committed 7936K, reserved 1056768K
  class space    used 703K, capacity 749K, committed 768K, reserved 1048576K
}
Event: 2.696 GC heap before
{Heap before GC invocations=1 (full 0):
 garbage-first heap   total 194560K, used 18939K [0x00000000e0000000, 0x0000000100000000)
  region size 1024K, 13 young (13312K), 2 survivors (2048K)
 Metaspace       used 10500K, capacity 10757K, committed 11008K, reserved 1058816K
  class space    used 1101K, capacity 1164K, committed 1280K, reserved 1048576K
}
Event: 2.700 GC heap after
{Heap after GC invocations=2 (full 0):
 garbage-first heap   total 194560K, used 8551K [0x00000000e0000000, 0x0000000100000000)
  region size 1024K, 1 young (1024K), 1 survivors (1024K)
 Metaspace       used 10500K, capacity 10757K, committed 11008K, reserved 1058816K
  class space    used 1101K, capacity 1164K, committed 1280K, reserved 1048576K
}
Event: 3.255 GC heap before
{Heap before GC invocations=2 (full 0):
 garbage-first heap   total 194560K, used 38247K [0x00000000e0000000, 0x0000000100000000)
  region size 1024K, 30 young (30720K), 1 survivors (1024K)
 Metaspace       used 10742K, capacity 11037K, committed 11264K, reserved 1058816K
  class space    used 1122K, capacity 1236K, committed 1280K, reserved 1048576K
}
Event: 3.260 GC heap after
{Heap after GC invocations=3 (full 0):
 garbage-first heap   total 194560K, used 12693K [0x00000000e0000000, 0x0000000100000000)
  region size 1024K, 4 young (4096K), 4 survivors (4096K)
 Metaspace       used 10742K, capacity 11037K, committed 11264K, reserved 1058816K
  class space    used 1122K, capacity 1236K, committed 1280K, reserved 1048576K
}
Event: 5.285 GC heap before
{Heap before GC invocations=3 (full 0):
 garbage-first heap   total 194560K, used 54677K [0x00000000e0000000, 0x0000000100000000)
  region size 1024K, 45 young (46080K), 4 survivors (4096K)
 Metaspace       used 19378K, capacity 19803K, committed 19968K, reserved 1067008K
  class space    used 2342K, capacity 2478K, committed 2560K, reserved 1048576K
}
Event: 5.295 GC heap after
{Heap after GC invocations=4 (full 0):
 garbage-first heap   total 194560K, used 15785K [0x00000000e0000000, 0x0000000100000000)
  region size 1024K, 3 young (3072K), 3 survivors (3072K)
 Metaspace       used 19378K, capacity 19803K, committed 19968K, reserved 1067008K
  class space    used 2342K, capacity 2478K, committed 2560K, reserved 1048576K
}
Event: 5.380 GC heap before
{Heap before GC invocations=4 (full 0):
 garbage-first heap   total 194560K, used 20905K [0x00000000e0000000, 0x0000000100000000)
  region size 1024K, 9 young (9216K), 3 survivors (3072K)
 Metaspace       used 20659K, capacity 21095K, committed 21248K, reserved 1069056K
  class space    used 2423K, capacity 2545K, committed 2560K, reserved 1048576K
}
Event: 5.387 GC heap after
{Heap after GC invocations=5 (full 0):
 garbage-first heap   total 194560K, used 15999K [0x00000000e0000000, 0x0000000100000000)
  region size 1024K, 4 young (4096K), 4 survivors (4096K)
 Metaspace       used 20659K, capacity 21095K, committed 21248K, reserved 1069056K
  class space    used 2423K, capacity 2545K, committed 2560K, reserved 1048576K
}
Event: 6.939 GC heap before
{Heap before GC invocations=6 (full 0):
 garbage-first heap   total 194560K, used 74367K [0x00000000e0000000, 0x0000000100000000)
  region size 1024K, 53 young (54272K), 4 survivors (4096K)
 Metaspace       used 26225K, capacity 26915K, committed 27136K, reserved 1073152K
  class space    used 3331K, capacity 3540K, committed 3584K, reserved 1048576K
}
Event: 6.952 GC heap after
{Heap after GC invocations=7 (full 0):
 garbage-first heap   total 194560K, used 29266K [0x00000000e0000000, 0x0000000100000000)
  region size 1024K, 7 young (7168K), 7 survivors (7168K)
 Metaspace       used 26225K, capacity 26915K, committed 27136K, reserved 1073152K
  class space    used 3331K, capacity 3540K, committed 3584K, reserved 1048576K
}
Event: 8.029 GC heap before
{Heap before GC invocations=7 (full 0):
 garbage-first heap   total 194560K, used 77394K [0x00000000e0000000, 0x0000000100000000)
  region size 1024K, 56 young (57344K), 7 survivors (7168K)
 Metaspace       used 34706K, capacity 35485K, committed 35628K, reserved 1081344K
  class space    used 4400K, capacity 4687K, committed 4736K, reserved 1048576K
}
Event: 8.047 GC heap after
{Heap after GC invocations=8 (full 0):
 garbage-first heap   total 194560K, used 33055K [0x00000000e0000000, 0x0000000100000000)
  region size 1024K, 11 young (11264K), 11 survivors (11264K)
 Metaspace       used 34706K, capacity 35485K, committed 35628K, reserved 1081344K
  class space    used 4400K, capacity 4687K, committed 4736K, reserved 1048576K
}
Event: 11.727 GC heap before
{Heap before GC invocations=9 (full 0):
 garbage-first heap   total 194560K, used 128287K [0x00000000e0000000, 0x0000000100000000)
  region size 1024K, 102 young (104448K), 11 survivors (11264K)
 Metaspace       used 43653K, capacity 44758K, committed 44844K, reserved 1087488K
  class space    used 5589K, capacity 5957K, committed 6016K, reserved 1048576K
}
Event: 11.756 GC heap after
{Heap after GC invocations=10 (full 0):
 garbage-first heap   total 194560K, used 39835K [0x00000000e0000000, 0x0000000100000000)
  region size 1024K, 11 young (11264K), 11 survivors (11264K)
 Metaspace       used 43653K, capacity 44758K, committed 44844K, reserved 1087488K
  class space    used 5589K, capacity 5957K, committed 6016K, reserved 1048576K
}
Event: 13.996 GC heap before
{Heap before GC invocations=10 (full 0):
 garbage-first heap   total 194560K, used 138139K [0x00000000e0000000, 0x0000000100000000)
  region size 1024K, 102 young (104448K), 11 survivors (11264K)
 Metaspace       used 48563K, capacity 50106K, committed 50220K, reserved 1093632K
  class space    used 6250K, capacity 6729K, committed 6784K, reserved 1048576K
}
Event: 14.024 GC heap after
{Heap after GC invocations=11 (full 0):
 garbage-first heap   total 194560K, used 55463K [0x00000000e0000000, 0x0000000100000000)
  region size 1024K, 13 young (13312K), 13 survivors (13312K)
 Metaspace       used 48563K, capacity 50106K, committed 50220K, reserved 1093632K
  class space    used 6250K, capacity 6729K, committed 6784K, reserved 1048576K
}

