# JRE version: OpenJDK Runtime Environment (11.0.8+10) (build 11.0.8+10-b944.6842174)
# Java VM: OpenJDK 64-Bit Server VM (11.0.8+10-b944.6842174, mixed mode, tiered, compressed oops, g1 gc, windows-amd64)
Heap:
 garbage-first heap   total 194560K, used 137597K [0x00000000e0000000, 0x0000000100000000)
  region size 1024K, 9 young (9216K), 5 survivors (5120K)
 Metaspace       used 143040K, capacity 147003K, committed 147284K, reserved 1177600K
  class space    used 17680K, capacity 18973K, committed 19072K, reserved 1048576K
GC Heap History (20 events):
Event: 242.485 GC heap before
{Heap before GC invocations=52 (full 0):
 garbage-first heap   total 194560K, used 163591K [0x00000000e0000000, 0x0000000100000000)
  region size 1024K, 59 young (60416K), 7 survivors (7168K)
 Metaspace       used 127826K, capacity 131164K, committed 131412K, reserved 1163264K
  class space    used 16053K, capacity 17157K, committed 17280K, reserved 1048576K
}
Event: 242.506 GC heap after
{Heap after GC invocations=53 (full 0):
 garbage-first heap   total 194560K, used 113267K [0x00000000e0000000, 0x0000000100000000)
  region size 1024K, 7 young (7168K), 7 survivors (7168K)
 Metaspace       used 127826K, capacity 131164K, committed 131412K, reserved 1163264K
  class space    used 16053K, capacity 17157K, committed 17280K, reserved 1048576K
}
Event: 242.580 GC heap before
{Heap before GC invocations=53 (full 0):
 garbage-first heap   total 194560K, used 115315K [0x00000000e0000000, 0x0000000100000000)
  region size 1024K, 9 young (9216K), 7 survivors (7168K)
 Metaspace       used 127861K, capacity 131171K, committed 131412K, reserved 1163264K
  class space    used 16055K, capacity 17158K, committed 17280K, reserved 1048576K
}
Event: 242.597 GC heap after
{Heap after GC invocations=54 (full 0):
 garbage-first heap   total 194560K, used 113666K [0x00000000e0000000, 0x0000000100000000)
  region size 1024K, 2 young (2048K), 2 survivors (2048K)
 Metaspace       used 127861K, capacity 131171K, committed 131412K, reserved 1163264K
  class space    used 16055K, capacity 17158K, committed 17280K, reserved 1048576K
}
Event: 243.637 GC heap before
{Heap before GC invocations=54 (full 0):
 garbage-first heap   total 194560K, used 162818K [0x00000000e0000000, 0x0000000100000000)
  region size 1024K, 51 young (52224K), 2 survivors (2048K)
 Metaspace       used 128845K, capacity 132157K, committed 132308K, reserved 1165312K
  class space    used 16160K, capacity 17292K, committed 17408K, reserved 1048576K
}
Event: 243.660 GC heap after
{Heap after GC invocations=55 (full 0):
 garbage-first heap   total 194560K, used 115860K [0x00000000e0000000, 0x0000000100000000)
  region size 1024K, 4 young (4096K), 4 survivors (4096K)
 Metaspace       used 128845K, capacity 132157K, committed 132308K, reserved 1165312K
  class space    used 16160K, capacity 17292K, committed 17408K, reserved 1048576K
}
Event: 246.222 GC heap before
{Heap before GC invocations=55 (full 0):
 garbage-first heap   total 194560K, used 165012K [0x00000000e0000000, 0x0000000100000000)
  region size 1024K, 52 young (53248K), 4 survivors (4096K)
 Metaspace       used 130710K, capacity 134304K, committed 134612K, reserved 1167360K
  class space    used 16390K, capacity 17591K, committed 17664K, reserved 1048576K
}
Event: 246.237 GC heap after
{Heap after GC invocations=56 (full 0):
 garbage-first heap   total 194560K, used 120143K [0x00000000e0000000, 0x0000000100000000)
  region size 1024K, 7 young (7168K), 7 survivors (7168K)
 Metaspace       used 130710K, capacity 134304K, committed 134612K, reserved 1167360K
  class space    used 16390K, capacity 17591K, committed 17664K, reserved 1048576K
}
Event: 247.256 GC heap before
{Heap before GC invocations=56 (full 0):
 garbage-first heap   total 194560K, used 164175K [0x00000000e0000000, 0x0000000100000000)
  region size 1024K, 51 young (52224K), 7 survivors (7168K)
 Metaspace       used 134756K, capacity 138292K, committed 138452K, reserved 1169408K
  class space    used 16879K, capacity 18065K, committed 18176K, reserved 1048576K
}
Event: 247.275 GC heap after
{Heap after GC invocations=57 (full 0):
 garbage-first heap   total 194560K, used 124233K [0x00000000e0000000, 0x0000000100000000)
  region size 1024K, 4 young (4096K), 4 survivors (4096K)
 Metaspace       used 134756K, capacity 138292K, committed 138452K, reserved 1169408K
  class space    used 16879K, capacity 18065K, committed 18176K, reserved 1048576K
}
Event: 249.926 GC heap before
{Heap before GC invocations=58 (full 0):
 garbage-first heap   total 194560K, used 164169K [0x00000000e0000000, 0x0000000100000000)
  region size 1024K, 44 young (45056K), 4 survivors (4096K)
 Metaspace       used 135007K, capacity 138531K, committed 138708K, reserved 1169408K
  class space    used 16914K, capacity 18101K, committed 18176K, reserved 1048576K
}
Event: 249.942 GC heap after
{Heap after GC invocations=59 (full 0):
 garbage-first heap   total 194560K, used 126233K [0x00000000e0000000, 0x0000000100000000)
  region size 1024K, 3 young (3072K), 3 survivors (3072K)
 Metaspace       used 135007K, capacity 138531K, committed 138708K, reserved 1169408K
  class space    used 16914K, capacity 18101K, committed 18176K, reserved 1048576K
}
Event: 251.127 GC heap before
{Heap before GC invocations=59 (full 0):
 garbage-first heap   total 194560K, used 165145K [0x00000000e0000000, 0x0000000100000000)
  region size 1024K, 42 young (43008K), 3 survivors (3072K)
 Metaspace       used 138087K, capacity 141767K, committed 142036K, reserved 1173504K
  class space    used 17367K, capacity 18640K, committed 18688K, reserved 1048576K
}
Event: 251.136 GC heap after
{Heap after GC invocations=60 (full 0):
 garbage-first heap   total 194560K, used 128398K [0x00000000e0000000, 0x0000000100000000)
  region size 1024K, 5 young (5120K), 5 survivors (5120K)
 Metaspace       used 138087K, capacity 141767K, committed 142036K, reserved 1173504K
  class space    used 17367K, capacity 18640K, committed 18688K, reserved 1048576K
}
Event: 273.184 GC heap before
{Heap before GC invocations=61 (full 0):
 garbage-first heap   total 194560K, used 168334K [0x00000000e0000000, 0x0000000100000000)
  region size 1024K, 43 young (44032K), 5 survivors (5120K)
 Metaspace       used 142500K, capacity 146276K, committed 146516K, reserved 1177600K
  class space    used 17649K, capacity 18955K, committed 19072K, reserved 1048576K
}
Event: 273.197 GC heap after
{Heap after GC invocations=62 (full 0):
 garbage-first heap   total 194560K, used 130154K [0x00000000e0000000, 0x0000000100000000)
  region size 1024K, 5 young (5120K), 5 survivors (5120K)
 Metaspace       used 142500K, capacity 146276K, committed 146516K, reserved 1177600K
  class space    used 17649K, capacity 18955K, committed 19072K, reserved 1048576K
}
Event: 273.253 GC heap before
{Heap before GC invocations=62 (full 0):
 garbage-first heap   total 194560K, used 134250K [0x00000000e0000000, 0x0000000100000000)
  region size 1024K, 9 young (9216K), 5 survivors (5120K)
 Metaspace       used 142532K, capacity 146276K, committed 146516K, reserved 1177600K
  class space    used 17649K, capacity 18955K, committed 19072K, reserved 1048576K
}
Event: 273.265 GC heap after
{Heap after GC invocations=63 (full 0):
 garbage-first heap   total 194560K, used 130447K [0x00000000e0000000, 0x0000000100000000)
  region size 1024K, 1 young (1024K), 1 survivors (1024K)
 Metaspace       used 142532K, capacity 146276K, committed 146516K, reserved 1177600K
  class space    used 17649K, capacity 18955K, committed 19072K, reserved 1048576K
}
Event: 279.362 GC heap before
{Heap before GC invocations=63 (full 0):
 garbage-first heap   total 194560K, used 166287K [0x00000000e0000000, 0x0000000100000000)
  region size 1024K, 37 young (37888K), 1 survivors (1024K)
 Metaspace       used 142980K, capacity 146866K, committed 147028K, reserved 1177600K
  class space    used 17675K, capacity 18970K, committed 19072K, reserved 1048576K
}
Event: 279.376 GC heap after
{Heap after GC invocations=64 (full 0):
 garbage-first heap   total 194560K, used 134525K [0x00000000e0000000, 0x0000000100000000)
  region size 1024K, 5 young (5120K), 5 survivors (5120K)
 Metaspace       used 142980K, capacity 146866K, committed 147028K, reserved 1177600K
  class space    used 17675K, capacity 18970K, committed 19072K, reserved 1048576K
}

