# JRE version: OpenJDK Runtime Environment (11.0.8+10) (build 11.0.8+10-b944.6842174)
# Java VM: OpenJDK 64-Bit Server VM (11.0.8+10-b944.6842174, mixed mode, tiered, compressed oops, g1 gc, windows-amd64)
Heap:
 garbage-first heap   total 194560K, used 78208K [0x0000000742000000, 0x0000000800000000)
  region size 1024K, 54 young (55296K), 3 survivors (3072K)
 Metaspace       used 45485K, capacity 45964K, committed 46208K, reserved 1089536K
  class space    used 5308K, capacity 5479K, committed 5504K, reserved 1048576K
GC Heap History (8 events):
Event: 0.738 GC heap before
{Heap before GC invocations=0 (full 0):
 garbage-first heap   total 194560K, used 17408K [0x0000000742000000, 0x0000000800000000)
  region size 1024K, 14 young (14336K), 0 survivors (0K)
 Metaspace       used 9946K, capacity 10054K, committed 10112K, reserved 1058816K
  class space    used 844K, capacity 861K, committed 896K, reserved 1048576K
}
Event: 0.741 GC heap after
{Heap after GC invocations=1 (full 0):
 garbage-first heap   total 194560K, used 5174K [0x0000000742000000, 0x0000000800000000)
  region size 1024K, 2 young (2048K), 2 survivors (2048K)
 Metaspace       used 9946K, capacity 10054K, committed 10112K, reserved 1058816K
  class space    used 844K, capacity 861K, committed 896K, reserved 1048576K
}
Event: 2.122 GC heap before
{Heap before GC invocations=1 (full 0):
 garbage-first heap   total 194560K, used 51254K [0x0000000742000000, 0x0000000800000000)
  region size 1024K, 48 young (49152K), 2 survivors (2048K)
 Metaspace       used 21032K, capacity 21227K, committed 21248K, reserved 1069056K
  class space    used 2220K, capacity 2286K, committed 2304K, reserved 1048576K
}
Event: 2.140 GC heap after
{Heap after GC invocations=2 (full 0):
 garbage-first heap   total 194560K, used 9383K [0x0000000742000000, 0x0000000800000000)
  region size 1024K, 7 young (7168K), 7 survivors (7168K)
 Metaspace       used 21032K, capacity 21227K, committed 21248K, reserved 1069056K
  class space    used 2220K, capacity 2286K, committed 2304K, reserved 1048576K
}
Event: 3.811 GC heap before
{Heap before GC invocations=3 (full 0):
 garbage-first heap   total 194560K, used 71847K [0x0000000742000000, 0x0000000800000000)
  region size 1024K, 56 young (57344K), 7 survivors (7168K)
 Metaspace       used 30571K, capacity 30981K, committed 31232K, reserved 1077248K
  class space    used 3584K, capacity 3758K, committed 3840K, reserved 1048576K
}
Event: 3.833 GC heap after
{Heap after GC invocations=4 (full 0):
 garbage-first heap   total 194560K, used 24517K [0x0000000742000000, 0x0000000800000000)
  region size 1024K, 7 young (7168K), 7 survivors (7168K)
 Metaspace       used 30571K, capacity 30981K, committed 31232K, reserved 1077248K
  class space    used 3584K, capacity 3758K, committed 3840K, reserved 1048576K
}
Event: 4.583 GC heap before
{Heap before GC invocations=4 (full 0):
 garbage-first heap   total 194560K, used 48069K [0x0000000742000000, 0x0000000800000000)
  region size 1024K, 31 young (31744K), 7 survivors (7168K)
 Metaspace       used 35309K, capacity 35691K, committed 35840K, reserved 1081344K
  class space    used 4118K, capacity 4281K, committed 4352K, reserved 1048576K
}
Event: 4.607 GC heap after
{Heap after GC invocations=5 (full 0):
 garbage-first heap   total 194560K, used 24960K [0x0000000742000000, 0x0000000800000000)
  region size 1024K, 3 young (3072K), 3 survivors (3072K)
 Metaspace       used 35309K, capacity 35691K, committed 35840K, reserved 1081344K
  class space    used 4118K, capacity 4281K, committed 4352K, reserved 1048576K
}

