# JRE version: OpenJDK Runtime Environment (11.0.8+10) (build 11.0.8+10-b944.6842174)
# Java VM: OpenJDK 64-Bit Server VM (11.0.8+10-b944.6842174, mixed mode, tiered, compressed oops, g1 gc, windows-amd64)
Heap:
 garbage-first heap   total 232448K, used 190432K [0x00000000e0000000, 0x0000000100000000)
  region size 1024K, 35 young (35840K), 6 survivors (6144K)
 Metaspace       used 121371K, capacity 124884K, committed 125008K, reserved 1159168K
  class space    used 14712K, capacity 15904K, committed 16000K, reserved 1048576K
GC Heap History (20 events):
Event: 317.257 GC heap before
{Heap before GC invocations=77 (full 0):
 garbage-first heap   total 194560K, used 168445K [0x00000000e0000000, 0x0000000100000000)
  region size 1024K, 9 young (9216K), 2 survivors (2048K)
 Metaspace       used 120932K, capacity 124408K, committed 124752K, reserved 1159168K
  class space    used 14709K, capacity 15899K, committed 16000K, reserved 1048576K
}
Event: 317.264 GC heap after
{Heap after GC invocations=78 (full 0):
 garbage-first heap   total 194560K, used 161538K [0x00000000e0000000, 0x0000000100000000)
  region size 1024K, 1 young (1024K), 1 survivors (1024K)
 Metaspace       used 120932K, capacity 124408K, committed 124752K, reserved 1159168K
  class space    used 14709K, capacity 15899K, committed 16000K, reserved 1048576K
}
Event: 317.399 GC heap before
{Heap before GC invocations=79 (full 0):
 garbage-first heap   total 194560K, used 169730K [0x00000000e0000000, 0x0000000100000000)
  region size 1024K, 9 young (9216K), 1 survivors (1024K)
 Metaspace       used 120932K, capacity 124408K, committed 124752K, reserved 1159168K
  class space    used 14709K, capacity 15899K, committed 16000K, reserved 1048576K
}
Event: 317.402 GC heap after
{Heap after GC invocations=80 (full 0):
 garbage-first heap   total 194560K, used 161808K [0x00000000e0000000, 0x0000000100000000)
  region size 1024K, 1 young (1024K), 1 survivors (1024K)
 Metaspace       used 120932K, capacity 124408K, committed 124752K, reserved 1159168K
  class space    used 14709K, capacity 15899K, committed 16000K, reserved 1048576K
}
Event: 317.490 GC heap before
{Heap before GC invocations=80 (full 0):
 garbage-first heap   total 194560K, used 170000K [0x00000000e0000000, 0x0000000100000000)
  region size 1024K, 9 young (9216K), 1 survivors (1024K)
 Metaspace       used 120932K, capacity 124408K, committed 124752K, reserved 1159168K
  class space    used 14709K, capacity 15899K, committed 16000K, reserved 1048576K
}
Event: 317.498 GC heap after
{Heap after GC invocations=81 (full 0):
 garbage-first heap   total 194560K, used 144357K [0x00000000e0000000, 0x0000000100000000)
  region size 1024K, 2 young (2048K), 2 survivors (2048K)
 Metaspace       used 120932K, capacity 124408K, committed 124752K, reserved 1159168K
  class space    used 14709K, capacity 15899K, committed 16000K, reserved 1048576K
}
Event: 317.573 GC heap before
{Heap before GC invocations=81 (full 0):
 garbage-first heap   total 194560K, used 151525K [0x00000000e0000000, 0x0000000100000000)
  region size 1024K, 9 young (9216K), 2 survivors (2048K)
 Metaspace       used 120939K, capacity 124472K, committed 124752K, reserved 1159168K
  class space    used 14709K, capacity 15899K, committed 16000K, reserved 1048576K
}
Event: 317.593 GC heap after
{Heap after GC invocations=82 (full 0):
 garbage-first heap   total 194560K, used 134348K [0x00000000e0000000, 0x0000000100000000)
  region size 1024K, 2 young (2048K), 2 survivors (2048K)
 Metaspace       used 120939K, capacity 124472K, committed 124752K, reserved 1159168K
  class space    used 14709K, capacity 15899K, committed 16000K, reserved 1048576K
}
Event: 317.769 GC heap before
{Heap before GC invocations=82 (full 0):
 garbage-first heap   total 194560K, used 156876K [0x00000000e0000000, 0x0000000100000000)
  region size 1024K, 23 young (23552K), 2 survivors (2048K)
 Metaspace       used 120978K, capacity 124538K, committed 124752K, reserved 1159168K
  class space    used 14709K, capacity 15899K, committed 16000K, reserved 1048576K
}
Event: 317.780 GC heap after
{Heap after GC invocations=83 (full 0):
 garbage-first heap   total 232448K, used 139676K [0x00000000e0000000, 0x0000000100000000)
  region size 1024K, 3 young (3072K), 3 survivors (3072K)
 Metaspace       used 120978K, capacity 124538K, committed 124752K, reserved 1159168K
  class space    used 14709K, capacity 15899K, committed 16000K, reserved 1048576K
}
Event: 318.110 GC heap before
{Heap before GC invocations=83 (full 0):
 garbage-first heap   total 232448K, used 184732K [0x00000000e0000000, 0x0000000100000000)
  region size 1024K, 39 young (39936K), 3 survivors (3072K)
 Metaspace       used 121005K, capacity 124538K, committed 124752K, reserved 1159168K
  class space    used 14709K, capacity 15899K, committed 16000K, reserved 1048576K
}
Event: 318.125 GC heap after
{Heap after GC invocations=84 (full 0):
 garbage-first heap   total 232448K, used 142720K [0x00000000e0000000, 0x0000000100000000)
  region size 1024K, 5 young (5120K), 5 survivors (5120K)
 Metaspace       used 121005K, capacity 124538K, committed 124752K, reserved 1159168K
  class space    used 14709K, capacity 15899K, committed 16000K, reserved 1048576K
}
Event: 318.897 GC heap before
{Heap before GC invocations=84 (full 0):
 garbage-first heap   total 232448K, used 178560K [0x00000000e0000000, 0x0000000100000000)
  region size 1024K, 41 young (41984K), 5 survivors (5120K)
 Metaspace       used 121150K, capacity 124730K, committed 125008K, reserved 1159168K
  class space    used 14709K, capacity 15899K, committed 16000K, reserved 1048576K
}
Event: 318.909 GC heap after
{Heap after GC invocations=85 (full 0):
 garbage-first heap   total 232448K, used 140398K [0x00000000e0000000, 0x0000000100000000)
  region size 1024K, 3 young (3072K), 3 survivors (3072K)
 Metaspace       used 121150K, capacity 124730K, committed 125008K, reserved 1159168K
  class space    used 14709K, capacity 15899K, committed 16000K, reserved 1048576K
}
Event: 319.328 GC heap before
{Heap before GC invocations=85 (full 0):
 garbage-first heap   total 232448K, used 183406K [0x00000000e0000000, 0x0000000100000000)
  region size 1024K, 44 young (45056K), 3 survivors (3072K)
 Metaspace       used 121181K, capacity 124730K, committed 125008K, reserved 1159168K
  class space    used 14709K, capacity 15899K, committed 16000K, reserved 1048576K
}
Event: 319.343 GC heap after
{Heap after GC invocations=86 (full 0):
 garbage-first heap   total 232448K, used 143272K [0x00000000e0000000, 0x0000000100000000)
  region size 1024K, 3 young (3072K), 3 survivors (3072K)
 Metaspace       used 121181K, capacity 124730K, committed 125008K, reserved 1159168K
  class space    used 14709K, capacity 15899K, committed 16000K, reserved 1048576K
}
Event: 319.761 GC heap before
{Heap before GC invocations=86 (full 0):
 garbage-first heap   total 232448K, used 186280K [0x00000000e0000000, 0x0000000100000000)
  region size 1024K, 44 young (45056K), 3 survivors (3072K)
 Metaspace       used 121243K, capacity 124798K, committed 125008K, reserved 1159168K
  class space    used 14709K, capacity 15899K, committed 16000K, reserved 1048576K
}
Event: 319.780 GC heap after
{Heap after GC invocations=87 (full 0):
 garbage-first heap   total 232448K, used 145148K [0x00000000e0000000, 0x0000000100000000)
  region size 1024K, 5 young (5120K), 5 survivors (5120K)
 Metaspace       used 121243K, capacity 124798K, committed 125008K, reserved 1159168K
  class space    used 14709K, capacity 15899K, committed 16000K, reserved 1048576K
}
Event: 320.301 GC heap before
{Heap before GC invocations=87 (full 0):
 garbage-first heap   total 232448K, used 183036K [0x00000000e0000000, 0x0000000100000000)
  region size 1024K, 41 young (41984K), 5 survivors (5120K)
 Metaspace       used 121280K, capacity 124799K, committed 125008K, reserved 1159168K
  class space    used 14709K, capacity 15899K, committed 16000K, reserved 1048576K
}
Event: 320.326 GC heap after
{Heap after GC invocations=88 (full 0):
 garbage-first heap   total 232448K, used 148448K [0x00000000e0000000, 0x0000000100000000)
  region size 1024K, 6 young (6144K), 6 survivors (6144K)
 Metaspace       used 121280K, capacity 124799K, committed 125008K, reserved 1159168K
  class space    used 14709K, capacity 15899K, committed 16000K, reserved 1048576K
}

