# JRE version: OpenJDK Runtime Environment (11.0.10) (build 11.0.10+0-b96-7249189)
# Java VM: OpenJDK 64-Bit Server VM (11.0.10+0-b96-7249189, mixed mode, tiered, compressed oops, g1 gc, windows-amd64)
Heap:
 garbage-first heap   total 218112K, used 179114K [0x00000000e0000000, 0x0000000100000000)
  region size 1024K, 2 young (2048K), 2 survivors (2048K)
 Metaspace       used 102895K, capacity 105282K, committed 105296K, reserved 1140736K
  class space    used 12809K, capacity 13695K, committed 13696K, reserved 1048576K
GC Heap History (20 events):
Event: 184.569 GC heap after
{Heap after GC invocations=60 (full 0):
 garbage-first heap   total 194560K, used 145783K [0x00000000e0000000, 0x0000000100000000)
  region size 1024K, 2 young (2048K), 2 survivors (2048K)
 Metaspace       used 100294K, capacity 102657K, committed 102864K, reserved 1138688K
  class space    used 12394K, capacity 13239K, committed 13312K, reserved 1048576K
}
Event: 184.633 GC heap before
{Heap before GC invocations=60 (full 0):
 garbage-first heap   total 194560K, used 152951K [0x00000000e0000000, 0x0000000100000000)
  region size 1024K, 10 young (10240K), 2 survivors (2048K)
 Metaspace       used 100383K, capacity 102753K, committed 102864K, reserved 1138688K
  class space    used 12407K, capacity 13271K, committed 13312K, reserved 1048576K
}
Event: 184.653 GC heap after
{Heap after GC invocations=61 (full 0):
 garbage-first heap   total 194560K, used 149281K [0x00000000e0000000, 0x0000000100000000)
  region size 1024K, 2 young (2048K), 2 survivors (2048K)
 Metaspace       used 100383K, capacity 102753K, committed 102864K, reserved 1138688K
  class space    used 12407K, capacity 13271K, committed 13312K, reserved 1048576K
}
Event: 184.837 GC heap before
{Heap before GC invocations=61 (full 0):
 garbage-first heap   total 194560K, used 162593K [0x00000000e0000000, 0x0000000100000000)
  region size 1024K, 13 young (13312K), 2 survivors (2048K)
 Metaspace       used 100476K, capacity 102877K, committed 103120K, reserved 1138688K
  class space    used 12412K, capacity 13281K, committed 13312K, reserved 1048576K
}
Event: 184.860 GC heap after
{Heap after GC invocations=62 (full 0):
 garbage-first heap   total 194560K, used 156231K [0x00000000e0000000, 0x0000000100000000)
  region size 1024K, 2 young (2048K), 2 survivors (2048K)
 Metaspace       used 100476K, capacity 102877K, committed 103120K, reserved 1138688K
  class space    used 12412K, capacity 13281K, committed 13312K, reserved 1048576K
}
Event: 184.922 GC heap before
{Heap before GC invocations=62 (full 0):
 garbage-first heap   total 194560K, used 164423K [0x00000000e0000000, 0x0000000100000000)
  region size 1024K, 10 young (10240K), 2 survivors (2048K)
 Metaspace       used 100493K, capacity 102877K, committed 103120K, reserved 1138688K
  class space    used 12413K, capacity 13281K, committed 13312K, reserved 1048576K
}
Event: 184.943 GC heap after
{Heap after GC invocations=63 (full 0):
 garbage-first heap   total 194560K, used 159744K [0x00000000e0000000, 0x0000000100000000)
  region size 1024K, 2 young (2048K), 2 survivors (2048K)
 Metaspace       used 100493K, capacity 102877K, committed 103120K, reserved 1138688K
  class space    used 12413K, capacity 13281K, committed 13312K, reserved 1048576K
}
Event: 185.035 GC heap before
{Heap before GC invocations=63 (full 0):
 garbage-first heap   total 194560K, used 165888K [0x00000000e0000000, 0x0000000100000000)
  region size 1024K, 9 young (9216K), 2 survivors (2048K)
 Metaspace       used 100642K, capacity 103052K, committed 103248K, reserved 1138688K
  class space    used 12439K, capacity 13318K, committed 13440K, reserved 1048576K
}
Event: 185.053 GC heap after
{Heap after GC invocations=64 (full 0):
 garbage-first heap   total 194560K, used 162133K [0x00000000e0000000, 0x0000000100000000)
  region size 1024K, 2 young (2048K), 2 survivors (2048K)
 Metaspace       used 100642K, capacity 103052K, committed 103248K, reserved 1138688K
  class space    used 12439K, capacity 13318K, committed 13440K, reserved 1048576K
}
Event: 185.200 GC heap before
{Heap before GC invocations=64 (full 0):
 garbage-first heap   total 194560K, used 169301K [0x00000000e0000000, 0x0000000100000000)
  region size 1024K, 9 young (9216K), 2 survivors (2048K)
 Metaspace       used 101139K, capacity 103602K, committed 103760K, reserved 1140736K
  class space    used 12515K, capacity 13396K, committed 13440K, reserved 1048576K
}
Event: 185.223 GC heap after
{Heap after GC invocations=65 (full 0):
 garbage-first heap   total 194560K, used 164604K [0x00000000e0000000, 0x0000000100000000)
  region size 1024K, 2 young (2048K), 2 survivors (2048K)
 Metaspace       used 101139K, capacity 103602K, committed 103760K, reserved 1140736K
  class space    used 12515K, capacity 13396K, committed 13440K, reserved 1048576K
}
Event: 185.484 GC heap before
{Heap before GC invocations=66 (full 0):
 garbage-first heap   total 194560K, used 171772K [0x00000000e0000000, 0x0000000100000000)
  region size 1024K, 10 young (10240K), 2 survivors (2048K)
 Metaspace       used 102259K, capacity 104673K, committed 104784K, reserved 1140736K
  class space    used 12759K, capacity 13624K, committed 13696K, reserved 1048576K
}
Event: 185.501 GC heap after
{Heap after GC invocations=67 (full 0):
 garbage-first heap   total 194560K, used 165745K [0x00000000e0000000, 0x0000000100000000)
  region size 1024K, 2 young (2048K), 2 survivors (2048K)
 Metaspace       used 102259K, capacity 104673K, committed 104784K, reserved 1140736K
  class space    used 12759K, capacity 13624K, committed 13696K, reserved 1048576K
}
Event: 185.706 GC heap before
{Heap before GC invocations=67 (full 0):
 garbage-first heap   total 194560K, used 172913K [0x00000000e0000000, 0x0000000100000000)
  region size 1024K, 9 young (9216K), 2 survivors (2048K)
 Metaspace       used 102852K, capacity 105280K, committed 105296K, reserved 1140736K
  class space    used 12808K, capacity 13695K, committed 13696K, reserved 1048576K
}
Event: 185.722 GC heap after
{Heap after GC invocations=68 (full 0):
 garbage-first heap   total 194560K, used 166727K [0x00000000e0000000, 0x0000000100000000)
  region size 1024K, 2 young (2048K), 2 survivors (2048K)
 Metaspace       used 102852K, capacity 105280K, committed 105296K, reserved 1140736K
  class space    used 12808K, capacity 13695K, committed 13696K, reserved 1048576K
}
Event: 185.772 GC heap before
{Heap before GC invocations=68 (full 0):
 garbage-first heap   total 194560K, used 173895K [0x00000000e0000000, 0x0000000100000000)
  region size 1024K, 9 young (9216K), 2 survivors (2048K)
 Metaspace       used 102877K, capacity 105282K, committed 105296K, reserved 1140736K
  class space    used 12809K, capacity 13695K, committed 13696K, reserved 1048576K
}
Event: 185.786 GC heap after
{Heap after GC invocations=69 (full 0):
 garbage-first heap   total 194560K, used 170564K [0x00000000e0000000, 0x0000000100000000)
  region size 1024K, 2 young (2048K), 2 survivors (2048K)
 Metaspace       used 102877K, capacity 105282K, committed 105296K, reserved 1140736K
  class space    used 12809K, capacity 13695K, committed 13696K, reserved 1048576K
}
Event: 185.870 GC heap before
{Heap before GC invocations=69 (full 0):
 garbage-first heap   total 194560K, used 176708K [0x00000000e0000000, 0x0000000100000000)
  region size 1024K, 9 young (9216K), 2 survivors (2048K)
 Metaspace       used 102892K, capacity 105282K, committed 105296K, reserved 1140736K
  class space    used 12809K, capacity 13695K, committed 13696K, reserved 1048576K
}
Event: 185.882 GC heap after
{Heap after GC invocations=70 (full 0):
 garbage-first heap   total 194560K, used 174773K [0x00000000e0000000, 0x0000000100000000)
  region size 1024K, 2 young (2048K), 2 survivors (2048K)
 Metaspace       used 102892K, capacity 105282K, committed 105296K, reserved 1140736K
  class space    used 12809K, capacity 13695K, committed 13696K, reserved 1048576K
}
Event: 185.975 GC heap before
{Heap before GC invocations=70 (full 0):
 garbage-first heap   total 194560K, used 181941K [0x00000000e0000000, 0x0000000100000000)
  region size 1024K, 9 young (9216K), 2 survivors (2048K)
 Metaspace       used 102895K, capacity 105282K, committed 105296K, reserved 1140736K
  class space    used 12809K, capacity 13695K, committed 13696K, reserved 1048576K
}

