# JRE version: OpenJDK Runtime Environment (11.0.8+10) (build 11.0.8+10-b944.6842174)
# Java VM: OpenJDK 64-Bit Server VM (11.0.8+10-b944.6842174, mixed mode, tiered, compressed oops, g1 gc, windows-amd64)
Heap:
 garbage-first heap   total 194560K, used 116201K [0x00000000e0000000, 0x0000000100000000)
  region size 1024K, 48 young (49152K), 9 survivors (9216K)
 Metaspace       used 85686K, capacity 87824K, committed 87888K, reserved 1126400K
  class space    used 11083K, capacity 11837K, committed 11860K, reserved 1048576K
GC Heap History (20 events):
Event: 5.295 GC heap before
{Heap before GC invocations=4 (full 0):
 garbage-first heap   total 194560K, used 19067K [0x00000000e0000000, 0x0000000100000000)
  region size 1024K, 7 young (7168K), 3 survivors (3072K)
 Metaspace       used 20624K, capacity 21035K, committed 21248K, reserved 1069056K
  class space    used 2423K, capacity 2545K, committed 2560K, reserved 1048576K
}
Event: 5.302 GC heap after
{Heap after GC invocations=5 (full 0):
 garbage-first heap   total 194560K, used 16156K [0x00000000e0000000, 0x0000000100000000)
  region size 1024K, 4 young (4096K), 4 survivors (4096K)
 Metaspace       used 20624K, capacity 21035K, committed 21248K, reserved 1069056K
  class space    used 2423K, capacity 2545K, committed 2560K, reserved 1048576K
}
Event: 6.634 GC heap before
{Heap before GC invocations=6 (full 0):
 garbage-first heap   total 194560K, used 88860K [0x00000000e0000000, 0x0000000100000000)
  region size 1024K, 67 young (68608K), 4 survivors (4096K)
 Metaspace       used 27414K, capacity 28227K, committed 28412K, reserved 1073152K
  class space    used 3527K, capacity 3819K, committed 3840K, reserved 1048576K
}
Event: 6.645 GC heap after
{Heap after GC invocations=7 (full 0):
 garbage-first heap   total 194560K, used 29906K [0x00000000e0000000, 0x0000000100000000)
  region size 1024K, 8 young (8192K), 8 survivors (8192K)
 Metaspace       used 27414K, capacity 28227K, committed 28412K, reserved 1073152K
  class space    used 3527K, capacity 3819K, committed 3840K, reserved 1048576K
}
Event: 7.542 GC heap before
{Heap before GC invocations=7 (full 0):
 garbage-first heap   total 194560K, used 68818K [0x00000000e0000000, 0x0000000100000000)
  region size 1024K, 48 young (49152K), 8 survivors (8192K)
 Metaspace       used 35202K, capacity 35937K, committed 36048K, reserved 1081344K
  class space    used 4477K, capacity 4751K, committed 4820K, reserved 1048576K
}
Event: 7.556 GC heap after
{Heap after GC invocations=8 (full 0):
 garbage-first heap   total 194560K, used 32670K [0x00000000e0000000, 0x0000000100000000)
  region size 1024K, 11 young (11264K), 11 survivors (11264K)
 Metaspace       used 35202K, capacity 35937K, committed 36048K, reserved 1081344K
  class space    used 4477K, capacity 4751K, committed 4820K, reserved 1048576K
}
Event: 9.580 GC heap before
{Heap before GC invocations=9 (full 0):
 garbage-first heap   total 194560K, used 140190K [0x00000000e0000000, 0x0000000100000000)
  region size 1024K, 114 young (116736K), 11 survivors (11264K)
 Metaspace       used 45582K, capacity 46694K, committed 46928K, reserved 1089536K
  class space    used 5793K, capacity 6152K, committed 6228K, reserved 1048576K
}
Event: 9.606 GC heap after
{Heap after GC invocations=10 (full 0):
 garbage-first heap   total 194560K, used 39585K [0x00000000e0000000, 0x0000000100000000)
  region size 1024K, 15 young (15360K), 15 survivors (15360K)
 Metaspace       used 45582K, capacity 46694K, committed 46928K, reserved 1089536K
  class space    used 5793K, capacity 6152K, committed 6228K, reserved 1048576K
}
Event: 11.364 GC heap before
{Heap before GC invocations=10 (full 0):
 garbage-first heap   total 194560K, used 147105K [0x00000000e0000000, 0x0000000100000000)
  region size 1024K, 114 young (116736K), 15 survivors (15360K)
 Metaspace       used 51297K, capacity 52893K, committed 53200K, reserved 1095680K
  class space    used 6513K, capacity 7057K, committed 7124K, reserved 1048576K
}
Event: 11.391 GC heap after
{Heap after GC invocations=11 (full 0):
 garbage-first heap   total 194560K, used 55663K [0x00000000e0000000, 0x0000000100000000)
  region size 1024K, 15 young (15360K), 15 survivors (15360K)
 Metaspace       used 51297K, capacity 52893K, committed 53200K, reserved 1095680K
  class space    used 6513K, capacity 7057K, committed 7124K, reserved 1048576K
}
Event: 12.366 GC heap before
{Heap before GC invocations=11 (full 0):
 garbage-first heap   total 194560K, used 96623K [0x00000000e0000000, 0x0000000100000000)
  region size 1024K, 56 young (57344K), 15 survivors (15360K)
 Metaspace       used 58821K, capacity 60317K, committed 60496K, reserved 1101824K
  class space    used 7375K, capacity 7890K, committed 8020K, reserved 1048576K
}
Event: 12.400 GC heap after
{Heap after GC invocations=12 (full 0):
 garbage-first heap   total 194560K, used 59812K [0x00000000e0000000, 0x0000000100000000)
  region size 1024K, 4 young (4096K), 4 survivors (4096K)
 Metaspace       used 58821K, capacity 60317K, committed 60496K, reserved 1101824K
  class space    used 7375K, capacity 7890K, committed 8020K, reserved 1048576K
}
Event: 14.134 GC heap before
{Heap before GC invocations=13 (full 0):
 garbage-first heap   total 194560K, used 128420K [0x00000000e0000000, 0x0000000100000000)
  region size 1024K, 71 young (72704K), 4 survivors (4096K)
 Metaspace       used 66207K, capacity 67922K, committed 68048K, reserved 1107968K
  class space    used 8255K, capacity 8862K, committed 8916K, reserved 1048576K
}
Event: 14.149 GC heap after
{Heap after GC invocations=14 (full 0):
 garbage-first heap   total 194560K, used 63308K [0x00000000e0000000, 0x0000000100000000)
  region size 1024K, 7 young (7168K), 7 survivors (7168K)
 Metaspace       used 66207K, capacity 67922K, committed 68048K, reserved 1107968K
  class space    used 8255K, capacity 8862K, committed 8916K, reserved 1048576K
}
Event: 16.163 GC heap before
{Heap before GC invocations=14 (full 0):
 garbage-first heap   total 194560K, used 133964K [0x00000000e0000000, 0x0000000100000000)
  region size 1024K, 76 young (77824K), 7 survivors (7168K)
 Metaspace       used 72555K, capacity 74402K, committed 74448K, reserved 1114112K
  class space    used 9235K, capacity 9894K, committed 9940K, reserved 1048576K
}
Event: 16.185 GC heap after
{Heap after GC invocations=15 (full 0):
 garbage-first heap   total 194560K, used 68733K [0x00000000e0000000, 0x0000000100000000)
  region size 1024K, 10 young (10240K), 10 survivors (10240K)
 Metaspace       used 72555K, capacity 74402K, committed 74448K, reserved 1114112K
  class space    used 9235K, capacity 9894K, committed 9940K, reserved 1048576K
}
Event: 18.181 GC heap before
{Heap before GC invocations=15 (full 0):
 garbage-first heap   total 194560K, used 139389K [0x00000000e0000000, 0x0000000100000000)
  region size 1024K, 79 young (80896K), 10 survivors (10240K)
 Metaspace       used 77527K, capacity 79446K, committed 79824K, reserved 1118208K
  class space    used 9902K, capacity 10576K, committed 10708K, reserved 1048576K
}
Event: 18.211 GC heap after
{Heap after GC invocations=16 (full 0):
 garbage-first heap   total 194560K, used 74404K [0x00000000e0000000, 0x0000000100000000)
  region size 1024K, 6 young (6144K), 6 survivors (6144K)
 Metaspace       used 77527K, capacity 79446K, committed 79824K, reserved 1118208K
  class space    used 9902K, capacity 10576K, committed 10708K, reserved 1048576K
}
Event: 20.247 GC heap before
{Heap before GC invocations=16 (full 0):
 garbage-first heap   total 194560K, used 144036K [0x00000000e0000000, 0x0000000100000000)
  region size 1024K, 74 young (75776K), 6 survivors (6144K)
 Metaspace       used 82266K, capacity 84282K, committed 84432K, reserved 1122304K
  class space    used 10604K, capacity 11358K, committed 11476K, reserved 1048576K
}
Event: 20.263 GC heap after
{Heap after GC invocations=17 (full 0):
 garbage-first heap   total 194560K, used 77289K [0x00000000e0000000, 0x0000000100000000)
  region size 1024K, 9 young (9216K), 9 survivors (9216K)
 Metaspace       used 82266K, capacity 84282K, committed 84432K, reserved 1122304K
  class space    used 10604K, capacity 11358K, committed 11476K, reserved 1048576K
}

