# JRE version: OpenJDK Runtime Environment (11.0.8+10) (build 11.0.8+10-b944.6842174)
# Java VM: OpenJDK 64-Bit Server VM (11.0.8+10-b944.6842174, mixed mode, tiered, compressed oops, g1 gc, windows-amd64)
Heap:
 garbage-first heap   total 194560K, used 153013K [0x00000000e0000000, 0x0000000100000000)
  region size 1024K, 69 young (70656K), 10 survivors (10240K)
 Metaspace       used 98672K, capacity 101331K, committed 101664K, reserved 1136640K
  class space    used 12650K, capacity 13571K, committed 13696K, reserved 1048576K
GC Heap History (20 events):
Event: 9.272 GC heap before
{Heap before GC invocations=10 (full 0):
 garbage-first heap   total 194560K, used 141316K [0x00000000e0000000, 0x0000000100000000)
  region size 1024K, 105 young (107520K), 10 survivors (10240K)
 Metaspace       used 46922K, capacity 48421K, committed 48684K, reserved 1091584K
  class space    used 6015K, capacity 6485K, committed 6528K, reserved 1048576K
}
Event: 9.300 GC heap after
{Heap after GC invocations=11 (full 0):
 garbage-first heap   total 194560K, used 55210K [0x00000000e0000000, 0x0000000100000000)
  region size 1024K, 14 young (14336K), 14 survivors (14336K)
 Metaspace       used 46922K, capacity 48421K, committed 48684K, reserved 1091584K
  class space    used 6015K, capacity 6485K, committed 6528K, reserved 1048576K
}
Event: 11.779 GC heap before
{Heap before GC invocations=11 (full 0):
 garbage-first heap   total 194560K, used 139178K [0x00000000e0000000, 0x0000000100000000)
  region size 1024K, 97 young (99328K), 14 survivors (14336K)
 Metaspace       used 58150K, capacity 59703K, committed 59808K, reserved 1101824K
  class space    used 7366K, capacity 7891K, committed 7936K, reserved 1048576K
}
Event: 11.807 GC heap after
{Heap after GC invocations=12 (full 0):
 garbage-first heap   total 194560K, used 60492K [0x00000000e0000000, 0x0000000100000000)
  region size 1024K, 6 young (6144K), 6 survivors (6144K)
 Metaspace       used 58150K, capacity 59703K, committed 59808K, reserved 1101824K
  class space    used 7366K, capacity 7891K, committed 7936K, reserved 1048576K
}
Event: 11.808 GC heap before
{Heap before GC invocations=12 (full 0):
 garbage-first heap   total 194560K, used 60492K [0x00000000e0000000, 0x0000000100000000)
  region size 1024K, 7 young (7168K), 6 survivors (6144K)
 Metaspace       used 58152K, capacity 59703K, committed 59808K, reserved 1101824K
  class space    used 7366K, capacity 7891K, committed 7936K, reserved 1048576K
}
Event: 11.820 GC heap after
{Heap after GC invocations=13 (full 0):
 garbage-first heap   total 194560K, used 60622K [0x00000000e0000000, 0x0000000100000000)
  region size 1024K, 6 young (6144K), 6 survivors (6144K)
 Metaspace       used 58152K, capacity 59703K, committed 59808K, reserved 1101824K
  class space    used 7366K, capacity 7891K, committed 7936K, reserved 1048576K
}
Event: 13.723 GC heap before
{Heap before GC invocations=14 (full 0):
 garbage-first heap   total 194560K, used 139470K [0x00000000e0000000, 0x0000000100000000)
  region size 1024K, 82 young (83968K), 6 survivors (6144K)
 Metaspace       used 65653K, capacity 67387K, committed 67488K, reserved 1107968K
  class space    used 8268K, capacity 8861K, committed 8960K, reserved 1048576K
}
Event: 13.747 GC heap after
{Heap after GC invocations=15 (full 0):
 garbage-first heap   total 194560K, used 66127K [0x00000000e0000000, 0x0000000100000000)
  region size 1024K, 11 young (11264K), 11 survivors (11264K)
 Metaspace       used 65653K, capacity 67387K, committed 67488K, reserved 1107968K
  class space    used 8268K, capacity 8861K, committed 8960K, reserved 1048576K
}
Event: 15.977 GC heap before
{Heap before GC invocations=16 (full 0):
 garbage-first heap   total 194560K, used 143951K [0x00000000e0000000, 0x0000000100000000)
  region size 1024K, 87 young (89088K), 11 survivors (11264K)
 Metaspace       used 73264K, capacity 75118K, committed 75296K, reserved 1114112K
  class space    used 9437K, capacity 10085K, committed 10112K, reserved 1048576K
}
Event: 16.006 GC heap after
{Heap after GC invocations=17 (full 0):
 garbage-first heap   total 194560K, used 71182K [0x00000000e0000000, 0x0000000100000000)
  region size 1024K, 6 young (6144K), 6 survivors (6144K)
 Metaspace       used 73264K, capacity 75118K, committed 75296K, reserved 1114112K
  class space    used 9437K, capacity 10085K, committed 10112K, reserved 1048576K
}
Event: 17.545 GC heap before
{Heap before GC invocations=17 (full 0):
 garbage-first heap   total 194560K, used 147982K [0x00000000e0000000, 0x0000000100000000)
  region size 1024K, 81 young (82944K), 6 survivors (6144K)
 Metaspace       used 77722K, capacity 79707K, committed 79904K, reserved 1118208K
  class space    used 10102K, capacity 10778K, committed 10880K, reserved 1048576K
}
Event: 17.564 GC heap after
{Heap after GC invocations=18 (full 0):
 garbage-first heap   total 194560K, used 74805K [0x00000000e0000000, 0x0000000100000000)
  region size 1024K, 9 young (9216K), 9 survivors (9216K)
 Metaspace       used 77722K, capacity 79707K, committed 79904K, reserved 1118208K
  class space    used 10102K, capacity 10778K, committed 10880K, reserved 1048576K
}
Event: 20.505 GC heap before
{Heap before GC invocations=18 (full 0):
 garbage-first heap   total 194560K, used 151605K [0x00000000e0000000, 0x0000000100000000)
  region size 1024K, 84 young (86016K), 9 survivors (9216K)
 Metaspace       used 83452K, capacity 85534K, committed 85792K, reserved 1124352K
  class space    used 10868K, capacity 11593K, committed 11648K, reserved 1048576K
}
Event: 20.534 GC heap after
{Heap after GC invocations=19 (full 0):
 garbage-first heap   total 194560K, used 80268K [0x00000000e0000000, 0x0000000100000000)
  region size 1024K, 10 young (10240K), 10 survivors (10240K)
 Metaspace       used 83452K, capacity 85534K, committed 85792K, reserved 1124352K
  class space    used 10868K, capacity 11593K, committed 11648K, reserved 1048576K
}
Event: 22.327 GC heap before
{Heap before GC invocations=19 (full 0):
 garbage-first heap   total 194560K, used 152972K [0x00000000e0000000, 0x0000000100000000)
  region size 1024K, 82 young (83968K), 10 survivors (10240K)
 Metaspace       used 88005K, capacity 90177K, committed 90400K, reserved 1128448K
  class space    used 11410K, capacity 12152K, committed 12160K, reserved 1048576K
}
Event: 22.352 GC heap after
{Heap after GC invocations=20 (full 0):
 garbage-first heap   total 194560K, used 84222K [0x00000000e0000000, 0x0000000100000000)
  region size 1024K, 9 young (9216K), 9 survivors (9216K)
 Metaspace       used 88005K, capacity 90177K, committed 90400K, reserved 1128448K
  class space    used 11410K, capacity 12152K, committed 12160K, reserved 1048576K
}
Event: 23.705 GC heap before
{Heap before GC invocations=20 (full 0):
 garbage-first heap   total 194560K, used 156926K [0x00000000e0000000, 0x0000000100000000)
  region size 1024K, 80 young (81920K), 9 survivors (9216K)
 Metaspace       used 92756K, capacity 95087K, committed 95264K, reserved 1132544K
  class space    used 12001K, capacity 12803K, committed 12928K, reserved 1048576K
}
Event: 23.730 GC heap after
{Heap after GC invocations=21 (full 0):
 garbage-first heap   total 194560K, used 89519K [0x00000000e0000000, 0x0000000100000000)
  region size 1024K, 10 young (10240K), 10 survivors (10240K)
 Metaspace       used 92756K, capacity 95087K, committed 95264K, reserved 1132544K
  class space    used 12001K, capacity 12803K, committed 12928K, reserved 1048576K
}
Event: 24.753 GC heap before
{Heap before GC invocations=21 (full 0):
 garbage-first heap   total 194560K, used 157103K [0x00000000e0000000, 0x0000000100000000)
  region size 1024K, 77 young (78848K), 10 survivors (10240K)
 Metaspace       used 93953K, capacity 96361K, committed 96544K, reserved 1132544K
  class space    used 12089K, capacity 12900K, committed 12928K, reserved 1048576K
}
Event: 24.778 GC heap after
{Heap after GC invocations=22 (full 0):
 garbage-first heap   total 194560K, used 93621K [0x00000000e0000000, 0x0000000100000000)
  region size 1024K, 10 young (10240K), 10 survivors (10240K)
 Metaspace       used 93953K, capacity 96361K, committed 96544K, reserved 1132544K
  class space    used 12089K, capacity 12900K, committed 12928K, reserved 1048576K
}

