# JRE version: OpenJDK Runtime Environment (11.0.10) (build 11.0.10+0-b96-7249189)
# Java VM: OpenJDK 64-Bit Server VM (11.0.10+0-b96-7249189, mixed mode, tiered, compressed oops, g1 gc, windows-amd64)
Heap:
 garbage-first heap   total 314368K, used 263745K [0x00000000e0000000, 0x0000000100000000)
  region size 1024K, 2 young (2048K), 2 survivors (2048K)
 Metaspace       used 146903K, capacity 150495K, committed 150612K, reserved 1181696K
  class space    used 17907K, capacity 19231K, committed 19328K, reserved 1048576K
GC Heap History (20 events):
Event: 144.278 GC heap after
{Heap after GC invocations=119 (full 0):
 garbage-first heap   total 218112K, used 199767K [0x00000000e0000000, 0x0000000100000000)
  region size 1024K, 2 young (2048K), 2 survivors (2048K)
 Metaspace       used 146724K, capacity 150352K, committed 150612K, reserved 1181696K
  class space    used 17900K, capacity 19229K, committed 19328K, reserved 1048576K
}
Event: 144.363 GC heap before
{Heap before GC invocations=119 (full 0):
 garbage-first heap   total 218112K, used 207959K [0x00000000e0000000, 0x0000000100000000)
  region size 1024K, 10 young (10240K), 2 survivors (2048K)
 Metaspace       used 146761K, capacity 150357K, committed 150612K, reserved 1181696K
  class space    used 17900K, capacity 19229K, committed 19328K, reserved 1048576K
}
Event: 144.372 GC heap after
{Heap after GC invocations=120 (full 0):
 garbage-first heap   total 218112K, used 199828K [0x00000000e0000000, 0x0000000100000000)
  region size 1024K, 1 young (1024K), 1 survivors (1024K)
 Metaspace       used 146761K, capacity 150357K, committed 150612K, reserved 1181696K
  class space    used 17900K, capacity 19229K, committed 19328K, reserved 1048576K
}
Event: 144.461 GC heap before
{Heap before GC invocations=120 (full 0):
 garbage-first heap   total 218112K, used 209044K [0x00000000e0000000, 0x0000000100000000)
  region size 1024K, 10 young (10240K), 1 survivors (1024K)
 Metaspace       used 146839K, capacity 150431K, committed 150612K, reserved 1181696K
  class space    used 17907K, capacity 19231K, committed 19328K, reserved 1048576K
}
Event: 144.469 GC heap after
{Heap after GC invocations=121 (full 0):
 garbage-first heap   total 218112K, used 204207K [0x00000000e0000000, 0x0000000100000000)
  region size 1024K, 2 young (2048K), 2 survivors (2048K)
 Metaspace       used 146839K, capacity 150431K, committed 150612K, reserved 1181696K
  class space    used 17907K, capacity 19231K, committed 19328K, reserved 1048576K
}
Event: 144.532 GC heap before
{Heap before GC invocations=121 (full 0):
 garbage-first heap   total 218112K, used 212399K [0x00000000e0000000, 0x0000000100000000)
  region size 1024K, 10 young (10240K), 2 survivors (2048K)
 Metaspace       used 146839K, capacity 150431K, committed 150612K, reserved 1181696K
  class space    used 17907K, capacity 19231K, committed 19328K, reserved 1048576K
}
Event: 144.546 GC heap after
{Heap after GC invocations=122 (full 0):
 garbage-first heap   total 223232K, used 212515K [0x00000000e0000000, 0x0000000100000000)
  region size 1024K, 2 young (2048K), 2 survivors (2048K)
 Metaspace       used 146839K, capacity 150431K, committed 150612K, reserved 1181696K
  class space    used 17907K, capacity 19231K, committed 19328K, reserved 1048576K
}
Event: 144.596 GC heap before
{Heap before GC invocations=122 (full 0):
 garbage-first heap   total 223232K, used 220707K [0x00000000e0000000, 0x0000000100000000)
  region size 1024K, 10 young (10240K), 2 survivors (2048K)
 Metaspace       used 146839K, capacity 150431K, committed 150612K, reserved 1181696K
  class space    used 17907K, capacity 19231K, committed 19328K, reserved 1048576K
}
Event: 144.606 GC heap after
{Heap after GC invocations=123 (full 0):
 garbage-first heap   total 231424K, used 221184K [0x00000000e0000000, 0x0000000100000000)
  region size 1024K, 2 young (2048K), 2 survivors (2048K)
 Metaspace       used 146839K, capacity 150431K, committed 150612K, reserved 1181696K
  class space    used 17907K, capacity 19231K, committed 19328K, reserved 1048576K
}
Event: 144.631 GC heap before
{Heap before GC invocations=123 (full 0):
 garbage-first heap   total 231424K, used 230400K [0x00000000e0000000, 0x0000000100000000)
  region size 1024K, 11 young (11264K), 2 survivors (2048K)
 Metaspace       used 146839K, capacity 150431K, committed 150612K, reserved 1181696K
  class space    used 17907K, capacity 19231K, committed 19328K, reserved 1048576K
}
Event: 144.644 GC heap after
{Heap after GC invocations=124 (full 0):
 garbage-first heap   total 240640K, used 228733K [0x00000000e0000000, 0x0000000100000000)
  region size 1024K, 2 young (2048K), 2 survivors (2048K)
 Metaspace       used 146839K, capacity 150431K, committed 150612K, reserved 1181696K
  class space    used 17907K, capacity 19231K, committed 19328K, reserved 1048576K
}
Event: 144.669 GC heap before
{Heap before GC invocations=124 (full 0):
 garbage-first heap   total 240640K, used 237949K [0x00000000e0000000, 0x0000000100000000)
  region size 1024K, 11 young (11264K), 2 survivors (2048K)
 Metaspace       used 146839K, capacity 150431K, committed 150612K, reserved 1181696K
  class space    used 17907K, capacity 19231K, committed 19328K, reserved 1048576K
}
Event: 144.689 GC heap after
{Heap after GC invocations=125 (full 0):
 garbage-first heap   total 266240K, used 235876K [0x00000000e0000000, 0x0000000100000000)
  region size 1024K, 2 young (2048K), 2 survivors (2048K)
 Metaspace       used 146839K, capacity 150431K, committed 150612K, reserved 1181696K
  class space    used 17907K, capacity 19231K, committed 19328K, reserved 1048576K
}
Event: 145.062 GC heap before
{Heap before GC invocations=125 (full 0):
 garbage-first heap   total 266240K, used 247140K [0x00000000e0000000, 0x0000000100000000)
  region size 1024K, 13 young (13312K), 2 survivors (2048K)
 Metaspace       used 146839K, capacity 150431K, committed 150612K, reserved 1181696K
  class space    used 17907K, capacity 19231K, committed 19328K, reserved 1048576K
}
Event: 145.087 GC heap after
{Heap after GC invocations=126 (full 0):
 garbage-first heap   total 266240K, used 244730K [0x00000000e0000000, 0x0000000100000000)
  region size 1024K, 2 young (2048K), 2 survivors (2048K)
 Metaspace       used 146839K, capacity 150431K, committed 150612K, reserved 1181696K
  class space    used 17907K, capacity 19231K, committed 19328K, reserved 1048576K
}
Event: 145.162 GC heap before
{Heap before GC invocations=126 (full 0):
 garbage-first heap   total 266240K, used 255994K [0x00000000e0000000, 0x0000000100000000)
  region size 1024K, 13 young (13312K), 2 survivors (2048K)
 Metaspace       used 146873K, capacity 150495K, committed 150612K, reserved 1181696K
  class space    used 17907K, capacity 19231K, committed 19328K, reserved 1048576K
}
Event: 145.176 GC heap after
{Heap after GC invocations=127 (full 0):
 garbage-first heap   total 266240K, used 249597K [0x00000000e0000000, 0x0000000100000000)
  region size 1024K, 2 young (2048K), 2 survivors (2048K)
 Metaspace       used 146873K, capacity 150495K, committed 150612K, reserved 1181696K
  class space    used 17907K, capacity 19231K, committed 19328K, reserved 1048576K
}
Event: 145.375 GC heap before
{Heap before GC invocations=127 (full 0):
 garbage-first heap   total 266240K, used 260861K [0x00000000e0000000, 0x0000000100000000)
  region size 1024K, 13 young (13312K), 2 survivors (2048K)
 Metaspace       used 146903K, capacity 150495K, committed 150612K, reserved 1181696K
  class space    used 17907K, capacity 19231K, committed 19328K, reserved 1048576K
}
Event: 145.386 GC heap after
{Heap after GC invocations=128 (full 0):
 garbage-first heap   total 266240K, used 252161K [0x00000000e0000000, 0x0000000100000000)
  region size 1024K, 2 young (2048K), 2 survivors (2048K)
 Metaspace       used 146903K, capacity 150495K, committed 150612K, reserved 1181696K
  class space    used 17907K, capacity 19231K, committed 19328K, reserved 1048576K
}
Event: 145.509 GC heap before
{Heap before GC invocations=128 (full 0):
 garbage-first heap   total 266240K, used 263425K [0x00000000e0000000, 0x0000000100000000)
  region size 1024K, 13 young (13312K), 2 survivors (2048K)
 Metaspace       used 146903K, capacity 150495K, committed 150612K, reserved 1181696K
  class space    used 17907K, capacity 19231K, committed 19328K, reserved 1048576K
}

